<?xml version="1.0" encoding="UTF-8"?>
<coverage generated="1602476704357" clover="3.2.0">
  <project timestamp="1602476704358" name="All files">
    <metrics statements="11" coveredstatements="10" conditionals="0" coveredconditionals="0" methods="6" coveredmethods="5" elements="17" coveredelements="15" complexity="0" loc="11" ncloc="11" packages="1" files="2" classes="2">
      <file name="Search.jsx" path="/Users/anjan/Code/Web/complete-intro-to-react/js/Search.jsx">
        <metrics statements="6" coveredstatements="6" conditionals="0" coveredconditionals="0" methods="5" coveredmethods="5"/>
        <line num="7" count="3" type="stmt"/>
        <line num="9" count="3" type="stmt"/>
        <line num="17" count="1" type="stmt"/>
        <line num="20" count="4" type="stmt"/>
        <line num="35" count="60" type="stmt"/>
        <line num="40" count="47" type="stmt"/>
      </file>
      <file name="ShowCard.jsx" path="/Users/anjan/Code/Web/complete-intro-to-react/js/ShowCard.jsx">
        <metrics statements="5" coveredstatements="4" conditionals="0" coveredconditionals="0" methods="1" coveredmethods="0"/>
        <line num="5" count="1" type="stmt"/>
        <line num="14" count="1" type="stmt"/>
        <line num="19" count="1" type="stmt"/>
        <line num="20" count="0" type="stmt"/>
        <line num="33" count="1" type="stmt"/>
      </file>
    </metrics>
  </project>
</coverage>
