{"/Users/anjan/Code/Web/complete-intro-to-react/js/Search.jsx": {"path":"/Users/anjan/Code/Web/complete-intro-to-react/js/Search.jsx","statementMap":{"0":{"start":{"line":7,"column":4},"end":{"line":7,"column":17}},"1":{"start":{"line":9,"column":4},"end":{"line":11,"column":6}},"2":{"start":{"line":17,"column":4},"end":{"line":17,"column":54}},"3":{"start":{"line":20,"column":4},"end":{"line":44,"column":6}},"4":{"start":{"line":35,"column":16},"end":{"line":37,"column":68}},"5":{"start":{"line":40,"column":14},"end":{"line":40,"column":54}}},"fnMap":{"0":{"name":"(anonymous_0)","decl":{"start":{"line":6,"column":2},"end":{"line":6,"column":3}},"loc":{"start":{"line":6,"column":21},"end":{"line":14,"column":3}},"line":6},"1":{"name":"(anonymous_1)","decl":{"start":{"line":16,"column":27},"end":{"line":16,"column":28}},"loc":{"start":{"line":16,"column":38},"end":{"line":18,"column":3}},"line":16},"2":{"name":"(anonymous_2)","decl":{"start":{"line":19,"column":2},"end":{"line":19,"column":3}},"loc":{"start":{"line":19,"column":11},"end":{"line":45,"column":3}},"line":19},"3":{"name":"(anonymous_3)","decl":{"start":{"line":34,"column":14},"end":{"line":34,"column":15}},"loc":{"start":{"line":35,"column":16},"end":{"line":37,"column":68}},"line":35},"4":{"name":"(anonymous_4)","decl":{"start":{"line":39,"column":17},"end":{"line":39,"column":18}},"loc":{"start":{"line":40,"column":14},"end":{"line":40,"column":54}},"line":40}},"branchMap":{},"s":{"0":3,"1":3,"2":1,"3":4,"4":60,"5":47},"f":{"0":3,"1":1,"2":4,"3":60,"4":47},"b":{},"_coverageSchema":"332fd63041d2c1bcb487cc26dd0d5f7d97098a6c","hash":"8e3dce309193ddb5b3d2e10690f5b952d3582e91"}
,"/Users/anjan/Code/Web/complete-intro-to-react/js/ShowCard.jsx": {"path":"/Users/anjan/Code/Web/complete-intro-to-react/js/ShowCard.jsx","statementMap":{"0":{"start":{"line":5,"column":16},"end":{"line":12,"column":1}},"1":{"start":{"line":14,"column":14},"end":{"line":18,"column":1}},"2":{"start":{"line":19,"column":17},"end":{"line":31,"column":1}},"3":{"start":{"line":20,"column":2},"end":{"line":30,"column":12}},"4":{"start":{"line":33,"column":0},"end":{"line":38,"column":2}}},"fnMap":{"0":{"name":"(anonymous_0)","decl":{"start":{"line":19,"column":17},"end":{"line":19,"column":18}},"loc":{"start":{"line":20,"column":2},"end":{"line":30,"column":12}},"line":20}},"branchMap":{},"s":{"0":1,"1":1,"2":1,"3":0,"4":1},"f":{"0":0},"b":{},"_coverageSchema":"332fd63041d2c1bcb487cc26dd0d5f7d97098a6c","hash":"c836e4b1c00d17a84d4e64dc99a427e0da449cd7"}
}
