TN:
SF:/Users/anjan/Code/Web/complete-intro-to-react/js/Search.jsx
FN:6,(anonymous_0)
FN:16,(anonymous_1)
FN:19,(anonymous_2)
FN:34,(anonymous_3)
FN:39,(anonymous_4)
FNF:5
FNH:5
FNDA:3,(anonymous_0)
FNDA:1,(anonymous_1)
FNDA:4,(anonymous_2)
FNDA:60,(anonymous_3)
FNDA:47,(anonymous_4)
DA:7,3
DA:9,3
DA:17,1
DA:20,4
DA:35,60
DA:40,47
LF:6
LH:6
BRF:0
BRH:0
end_of_record
TN:
SF:/Users/anjan/Code/Web/complete-intro-to-react/js/ShowCard.jsx
FN:19,(anonymous_0)
FNF:1
FNH:0
FNDA:0,(anonymous_0)
DA:5,1
DA:14,1
DA:19,1
DA:20,0
DA:33,1
LF:5
LH:4
BRF:0
BRH:0
end_of_record
